#
# A fatal error has been detected by the Java Runtime Environment:
#
#  SIGSEGV (0xb) at pc=0x0000000105b307f6, pid=867, tid=0x0000000000000a0b
#
# JRE version: Java(TM) SE Runtime Environment (8.0_131-b11) (build 1.8.0_131-b11)
# Java VM: Java HotSpot(TM) 64-Bit Server VM (25.131-b11 mixed mode bsd-amd64 compressed oops)
# Problematic frame:
# V  [libjvm.dylib+0x16a7f6]
#
# Failed to write core dump. Core dumps have been disabled. To enable core dumping, try "ulimit -c unlimited" before starting Java again
#
# If you would like to submit a bug report, please visit:
#   http://bugreport.java.com/bugreport/crash.jsp
#

---------------  T H R E A D  ---------------

Current thread is native thread

siginfo: si_signo: 11 (SIGSEGV), si_code: 1 (SEGV_MAPERR), si_addr: 0x0000000000000270

Registers:
RAX=0x0000000000000000, RBX=0x0000000000000000, RCX=0x00000001061f64e0, RDX=0x0000000000000000
RSP=0x00007fff5a4e4070, RBP=0x00007fff5a4e4080, RSI=0x0000000000000006, RDI=0x00007fff5a4e4090
R8 =0x0000000000000000, R9 =0x0000000000000000, R10=0x00007f84cbe91380, R11=0x00000001069f5ef0
R12=0x00007f84cc0209f8, R13=0x00000001231b6190, R14=0x00007f84cbc51700, R15=0x00007f84cc0209f8
RIP=0x0000000105b307f6, EFLAGS=0x0000000000010246, ERR=0x0000000000000006
  TRAPNO=0x000000000000000e

Top of Stack: (sp=0x00007fff5a4e4070)
0x00007fff5a4e4070:   0000000000000000 00007f84cbc51700
0x00007fff5a4e4080:   00007fff5a4e40b0 0000000105cdad6a
0x00007fff5a4e4090:   0000000000000000 00007f84cbff3bb0
0x00007fff5a4e40a0:   00007f84cdcb9600 00007f84cbff7540
0x00007fff5a4e40b0:   00007fff5a4e40d0 00000001069f1c49
0x00007fff5a4e40c0:   00007f84cbff3b00 00007f84cc0209f8
0x00007fff5a4e40d0:   00007fff5a4e40f0 00000001069f1a54
0x00007fff5a4e40e0:   00007f84cbff3b00 00007f84cbd87710
0x00007fff5a4e40f0:   00007fff5a4e4150 0000000122223f53
0x00007fff5a4e4100:   4a0017609a512cb5 0000000000000000
0x00007fff5a4e4110:   408f76bafdf58621 00007f84cbff91a0
0x00007fff5a4e4120:   00007fff5a4e4150 00007fff8cb004c0
0x00007fff5a4e4130:   0000000000000000 00000001231b6190
0x00007fff5a4e4140:   00007f84cbff7540 00007f84cbff91a0
0x00007fff5a4e4150:   00007fff5a4e41b0 00007fff9d69478f
0x00007fff5a4e4160:   000002f300000004 0000000000000000
0x00007fff5a4e4170:   00007f84cbff7540 0000000000000000
0x00007fff5a4e4180:   408f76bafdf58621 00007fff8cb004c0
0x00007fff5a4e4190:   00007f84cbe93d30 00007f84cbff7540
0x00007fff5a4e41a0:   0000000000000004 0000000000000000
0x00007fff5a4e41b0:   00007fff5a4e4220 00007fff9d694339
0x00007fff5a4e41c0:   3ff0000000000000 4091a80000000000
0x00007fff5a4e41d0:   4087980000000000 0000000000000000
0x00007fff5a4e41e0:   0000000000000000 4091a80000000000
0x00007fff5a4e41f0:   4087980000000000 00007fff5a4e4300
0x00007fff5a4e4200:   00000001242b6fe8 00007fff97dcc6b2
0x00007fff5a4e4210:   0000000000000001 00000001242b6f40
0x00007fff5a4e4220:   00007fff5a4e5300 00007fff9d63849d
0x00007fff5a4e4230:   00007fff5a4e5300 00007fff9d63835f
0x00007fff5a4e4240:   0000000000000000 0000000000000000
0x00007fff5a4e4250:   00000001242b6fe8 00000001242b6fe8
0x00007fff5a4e4260:   00000001242b6f40 0000000000000000 

Instructions: (pc=0x0000000105b307f6)
0x0000000105b307d6:   0e 48 8b 0b 49 8b 56 18 48 63 c0 48 89 0c c2 5b
0x0000000105b307e6:   41 5e 5d c3 90 90 55 48 89 e5 41 56 53 48 8b 1f
0x0000000105b307f6:   c7 83 70 02 00 00 05 00 00 00 48 8d 05 21 6c 78
0x0000000105b30806:   00 8b 00 83 f8 01 41 89 f6 75 0c 48 8d 0d 6e d7 

Register to memory mapping:

RAX=0x0000000000000000 is an unknown value
RBX=0x0000000000000000 is an unknown value
RCX=0x00000001061f64e0: jni_NativeInterface+0 in /Library/Java/JavaVirtualMachines/jdk1.8.0_131.jdk/Contents/Home/jre/lib/server/libjvm.dylib at 0x00000001059c6000
RDX=0x0000000000000000 is an unknown value
RSP=0x00007fff5a4e4070 is an unknown value
RBP=0x00007fff5a4e4080 is an unknown value
RSI=0x0000000000000006 is an unknown value
RDI=0x00007fff5a4e4090 is an unknown value
R8 =0x0000000000000000 is an unknown value
R9 =0x0000000000000000 is an unknown value
R10=0x00007f84cbe91380 is an unknown value
R11=0x00000001069f5ef0: OBJC_CLASS_$_JNFWeakJObjectWrapper+0 in /System/Library/Frameworks/JavaVM.framework/Versions/A/Frameworks/JavaNativeFoundation.framework/Versions/A/JavaNativeFoundation at 0x00000001069eb000
R12=0x00007f84cc0209f8 is an unknown value
R13=0x00000001231b6190 is an unknown value
R14=0x00007f84cbc51700 is a weak global jni handle
R15=0x00007f84cc0209f8 is an unknown value


Stack: [0x00007fff59ce8000,0x00007fff5a4e8000],  sp=0x00007fff5a4e4070,  free space=8176k
Native frames: (J=compiled Java code, j=interpreted, Vv=VM code, C=native code)
V  [libjvm.dylib+0x16a7f6]
V  [libjvm.dylib+0x314d6a]
C  [JavaNativeFoundation+0x6c49]  -[JNFWeakJObjectWrapper _getWithEnv:]+0x25
C  [JavaNativeFoundation+0x6a54]  -[JNFJObjectWrapper jObjectWithEnv:]+0x16
C  [libawt_lwawt.dylib+0x1af53]  -[CGLLayer drawInCGLContext:pixelFormat:forLayerTime:displayTime:]+0xa4
C  [QuartzCore+0x6d78f]  _ZL17CAOpenGLLayerDrawP13CAOpenGLLayerdPK11CVTimeStampj+0x2ca
C  [QuartzCore+0x6d339]  -[CAOpenGLLayer _display]+0x160
C  [QuartzCore+0x1149d]  _ZN2CA5Layer17display_if_neededEPNS_11TransactionE+0x25b
C  [QuartzCore+0x10fc5]  _ZN2CA5Layer28layout_and_display_if_neededEPNS_11TransactionE+0x23
C  [QuartzCore+0x10499]  _ZN2CA7Context18commit_transactionEPNS_11TransactionE+0x115
C  [QuartzCore+0x100e4]  _ZN2CA11Transaction6commitEv+0x1fc
C  [QuartzCore+0x1b973]  _ZN2CA11Transaction17observer_callbackEP19__CFRunLoopObservermPv+0x47
C  [CoreFoundation+0xa9fc7]  __CFRUNLOOP_IS_CALLING_OUT_TO_AN_OBSERVER_CALLBACK_FUNCTION__+0x17
C  [CoreFoundation+0xa9f37]  __CFRunLoopDoObservers+0x187
C  [CoreFoundation+0x8952a]  __CFRunLoopRun+0x49a
C  [CoreFoundation+0x88e28]  CFRunLoopRunSpecific+0x128
C  [java+0x6465]  CreateExecutionEnvironment+0x367
C  [java+0x218c]  JLI_Launch+0x7a0
C  [java+0x84c2]  main+0x65
C  [java+0x19e4]  start+0x34


---------------  P R O C E S S  ---------------

VM state:not at safepoint (normal execution)

VM Mutex/Monitor currently owned by a thread: None

Heap:
 PSYoungGen      total 38400K, used 28790K [0x0000000795580000, 0x0000000799800000, 0x00000007c0000000)
  eden space 33280K, 76% used [0x0000000795580000,0x0000000796e4d9a0,0x0000000797600000)
  from space 5120K, 66% used [0x0000000797600000,0x0000000797950000,0x0000000797b00000)
  to   space 5120K, 0% used [0x0000000799300000,0x0000000799300000,0x0000000799800000)
 ParOldGen       total 71680K, used 5474K [0x0000000740000000, 0x0000000744600000, 0x0000000795580000)
  object space 71680K, 7% used [0x0000000740000000,0x0000000740558a70,0x0000000744600000)
 Metaspace       used 31484K, capacity 33106K, committed 33328K, reserved 1077248K
  class space    used 4535K, capacity 4808K, committed 4912K, reserved 1048576K

Card table byte_map: [0x00000001165c0000,0x00000001169c1000] byte_map_base: 0x0000000112bc0000

Marking Bits: (ParMarkBitMap*) 0x00000001062b7ea0
 Begin Bits: [0x0000000116c6c000, 0x0000000118c6c000)
 End Bits:   [0x0000000118c6c000, 0x000000011ac6c000)

Polling page: 0x00000001069b0000

CodeCache: size=245760Kb used=11193Kb max_used=11193Kb free=234566Kb
 bounds [0x0000000107200000, 0x0000000107d00000, 0x0000000116200000]
 total_blobs=4595 nmethods=3667 adapters=839
 compilation: enabled

Compilation events (10 events):
Event: 11.220 Thread 0x00007f84cc82b000 nmethod 3659 0x0000000107cd3950 code [0x0000000107cd3ac0, 0x0000000107cd3c30]
Event: 11.220 Thread 0x00007f84cc82b000 3658       3       apple.laf.JRSUIConstants$Property::apply (19 bytes)
Event: 11.220 Thread 0x00007f84cc82b000 nmethod 3658 0x0000000107cd35d0 code [0x0000000107cd3740, 0x0000000107cd38b0]
Event: 11.220 Thread 0x00007f84cc82b000 3660       3       sun.font.FontStrikeDesc::<init> (144 bytes)
Event: 11.220 Thread 0x00007f84cc82b000 nmethod 3660 0x0000000107cd3090 code [0x0000000107cd3200, 0x0000000107cd34f0]
Event: 11.220 Thread 0x00007f84cc82b000 3657       3       java.lang.invoke.Invokers::checkCustomized (20 bytes)
Event: 11.220 Thread 0x00007f84cc82b000 nmethod 3657 0x0000000107cd2b90 code [0x0000000107cd2d00, 0x0000000107cd2fa8]
Event: 11.220 Thread 0x00007f84cc82b000 3661       3       sun.font.Font2D::getStrike (177 bytes)
Event: 11.222 Thread 0x00007f84cc82b000 nmethod 3661 0x0000000107cd0510 code [0x0000000107cd0820, 0x0000000107cd20a8]
Event: 11.222 Thread 0x00007f84cc82b000 3665  s    3       sun.font.CCharToGlyphMapper$Cache::get (374 bytes)

GC Heap History (8 events):
Event: 2.462 GC heap before
{Heap before GC invocations=1 (full 0):
 PSYoungGen      total 38400K, used 33280K [0x0000000795580000, 0x0000000798000000, 0x00000007c0000000)
  eden space 33280K, 100% used [0x0000000795580000,0x0000000797600000,0x0000000797600000)
  from space 5120K, 0% used [0x0000000797b00000,0x0000000797b00000,0x0000000798000000)
  to   space 5120K, 0% used [0x0000000797600000,0x0000000797600000,0x0000000797b00000)
 ParOldGen       total 283136K, used 195312K [0x0000000740000000, 0x0000000751480000, 0x0000000795580000)
  object space 283136K, 68% used [0x0000000740000000,0x000000074bebc210,0x0000000751480000)
 Metaspace       used 20023K, capacity 20556K, committed 20736K, reserved 1067008K
  class space    used 2567K, capacity 2713K, committed 2816K, reserved 1048576K
Event: 2.472 GC heap after
Heap after GC invocations=1 (full 0):
 PSYoungGen      total 38400K, used 5110K [0x0000000795580000, 0x0000000798000000, 0x00000007c0000000)
  eden space 33280K, 0% used [0x0000000795580000,0x0000000795580000,0x0000000797600000)
  from space 5120K, 99% used [0x0000000797600000,0x0000000797afdbe8,0x0000000797b00000)
  to   space 5120K, 0% used [0x0000000797b00000,0x0000000797b00000,0x0000000798000000)
 ParOldGen       total 283136K, used 196684K [0x0000000740000000, 0x0000000751480000, 0x0000000795580000)
  object space 283136K, 69% used [0x0000000740000000,0x000000074c013278,0x0000000751480000)
 Metaspace       used 20023K, capacity 20556K, committed 20736K, reserved 1067008K
  class space    used 2567K, capacity 2713K, committed 2816K, reserved 1048576K
}
Event: 2.542 GC heap before
{Heap before GC invocations=2 (full 0):
 PSYoungGen      total 38400K, used 10108K [0x0000000795580000, 0x0000000798000000, 0x00000007c0000000)
  eden space 33280K, 15% used [0x0000000795580000,0x0000000795a616a0,0x0000000797600000)
  from space 5120K, 99% used [0x0000000797600000,0x0000000797afdbe8,0x0000000797b00000)
  to   space 5120K, 0% used [0x0000000797b00000,0x0000000797b00000,0x0000000798000000)
 ParOldGen       total 283136K, used 196684K [0x0000000740000000, 0x0000000751480000, 0x0000000795580000)
  object space 283136K, 69% used [0x0000000740000000,0x000000074c013278,0x0000000751480000)
 Metaspace       used 20690K, capacity 21188K, committed 21296K, reserved 1067008K
  class space    used 2651K, capacity 2817K, committed 2864K, reserved 1048576K
Event: 2.551 GC heap after
Heap after GC invocations=2 (full 0):
 PSYoungGen      total 38400K, used 5114K [0x0000000795580000, 0x000000079a080000, 0x00000007c0000000)
  eden space 33280K, 0% used [0x0000000795580000,0x0000000795580000,0x0000000797600000)
  from space 5120K, 99% used [0x0000000797b00000,0x0000000797ffe8f0,0x0000000798000000)
  to   space 5120K, 0% used [0x0000000797600000,0x0000000797600000,0x0000000797b00000)
 ParOldGen       total 283136K, used 197036K [0x0000000740000000, 0x0000000751480000, 0x0000000795580000)
  object space 283136K, 69% used [0x0000000740000000,0x000000074c06b288,0x0000000751480000)
 Metaspace       used 20690K, capacity 21188K, committed 21296K, reserved 1067008K
  class space    used 2651K, capacity 2817K, committed 2864K, reserved 1048576K
}
Event: 2.551 GC heap before
{Heap before GC invocations=3 (full 1):
 PSYoungGen      total 38400K, used 5114K [0x0000000795580000, 0x000000079a080000, 0x00000007c0000000)
  eden space 33280K, 0% used [0x0000000795580000,0x0000000795580000,0x0000000797600000)
  from space 5120K, 99% used [0x0000000797b00000,0x0000000797ffe8f0,0x0000000798000000)
  to   space 5120K, 0% used [0x0000000797600000,0x0000000797600000,0x0000000797b00000)
 ParOldGen       total 283136K, used 197036K [0x0000000740000000, 0x0000000751480000, 0x0000000795580000)
  object space 283136K, 69% used [0x0000000740000000,0x000000074c06b288,0x0000000751480000)
 Metaspace       used 20690K, capacity 21188K, committed 21296K, reserved 1067008K
  class space    used 2651K, capacity 2817K, committed 2864K, reserved 1048576K
Event: 2.597 GC heap after
Heap after GC invocations=3 (full 1):
 PSYoungGen      total 38400K, used 0K [0x0000000795580000, 0x000000079a080000, 0x00000007c0000000)
  eden space 33280K, 0% used [0x0000000795580000,0x0000000795580000,0x0000000797600000)
  from space 5120K, 0% used [0x0000000797b00000,0x0000000797b00000,0x0000000798000000)
  to   space 5120K, 0% used [0x0000000797600000,0x0000000797600000,0x0000000797b00000)
 ParOldGen       total 71680K, used 5466K [0x0000000740000000, 0x0000000744600000, 0x0000000795580000)
  object space 71680K, 7% used [0x0000000740000000,0x0000000740556a70,0x0000000744600000)
 Metaspace       used 20690K, capacity 21188K, committed 21296K, reserved 1067008K
  class space    used 2651K, capacity 2817K, committed 2864K, reserved 1048576K
}
Event: 3.826 GC heap before
{Heap before GC invocations=4 (full 1):
 PSYoungGen      total 38400K, used 33280K [0x0000000795580000, 0x000000079a080000, 0x00000007c0000000)
  eden space 33280K, 100% used [0x0000000795580000,0x0000000797600000,0x0000000797600000)
  from space 5120K, 0% used [0x0000000797b00000,0x0000000797b00000,0x0000000798000000)
  to   space 5120K, 0% used [0x0000000797600000,0x0000000797600000,0x0000000797b00000)
 ParOldGen       total 71680K, used 5466K [0x0000000740000000, 0x0000000744600000, 0x0000000795580000)
  object space 71680K, 7% used [0x0000000740000000,0x0000000740556a70,0x0000000744600000)
 Metaspace       used 27404K, capacity 28492K, committed 28592K, reserved 1073152K
  class space    used 4036K, capacity 4251K, committed 4272K, reserved 1048576K
Event: 3.831 GC heap after
Heap after GC invocations=4 (full 1):
 PSYoungGen      total 38400K, used 3392K [0x0000000795580000, 0x0000000799800000, 0x00000007c0000000)
  eden space 33280K, 0% used [0x0000000795580000,0x0000000795580000,0x0000000797600000)
  from space 5120K, 66% used [0x0000000797600000,0x0000000797950000,0x0000000797b00000)
  to   space 5120K, 0% used [0x0000000799300000,0x0000000799300000,0x0000000799800000)
 ParOldGen       total 71680K, used 5474K [0x0000000740000000, 0x0000000744600000, 0x0000000795580000)
  object space 71680K, 7% used [0x0000000740000000,0x0000000740558a70,0x0000000744600000)
 Metaspace       used 27404K, capacity 28492K, committed 28592K, reserved 1073152K
  class space    used 4036K, capacity 4251K, committed 4272K, reserved 1048576K
}

Deoptimization events (10 events):
Event: 5.741 Thread 0x00007f84cc020800 Uncommon trap: reason=unstable_if action=reinterpret pc=0x0000000107b678dc method=javafx.scene.Node.updateBounds()V @ 116
Event: 7.552 Thread 0x00007f84cc020800 Uncommon trap: reason=unstable_if action=reinterpret pc=0x0000000107878ad4 method=javafx.scene.CssStyleHelper.lookup(Ljavafx/css/Styleable;Ljavafx/css/CssMetaData;Lcom/sun/javafx/css/StyleMap;Ljava/util/Set;Ljavafx/css/Styleable;Lcom/sun/javafx/css/Calcul
Event: 7.571 Thread 0x00007f84cc020800 Uncommon trap: reason=array_check action=maybe_recompile pc=0x0000000107925a04 method=com.sun.javafx.css.CompoundSelector.applies(Ljavafx/css/Styleable;[Ljava/util/Set;I)Z @ 128
Event: 7.572 Thread 0x00007f84cc020800 Uncommon trap: reason=array_check action=maybe_recompile pc=0x0000000107925a04 method=com.sun.javafx.css.CompoundSelector.applies(Ljavafx/css/Styleable;[Ljava/util/Set;I)Z @ 128
Event: 7.572 Thread 0x00007f84cc020800 Uncommon trap: reason=array_check action=maybe_recompile pc=0x0000000107925a04 method=com.sun.javafx.css.CompoundSelector.applies(Ljavafx/css/Styleable;[Ljava/util/Set;I)Z @ 128
Event: 7.572 Thread 0x00007f84cc020800 Uncommon trap: reason=array_check action=maybe_recompile pc=0x0000000107925a04 method=com.sun.javafx.css.CompoundSelector.applies(Ljavafx/css/Styleable;[Ljava/util/Set;I)Z @ 128
Event: 7.575 Thread 0x00007f84cc020800 Uncommon trap: reason=unstable_if action=reinterpret pc=0x0000000107bb3364 method=javafx.scene.CssStyleHelper.resolveRef(Ljavafx/css/Styleable;Ljava/lang/String;Lcom/sun/javafx/css/StyleMap;Ljava/util/Set;)Lcom/sun/javafx/css/CascadingStyle; @ 66
Event: 8.091 Thread 0x00007f84cc020800 Uncommon trap: reason=unstable_if action=reinterpret pc=0x0000000107be0760 method=java.util.HashMap.removeNode(ILjava/lang/Object;Ljava/lang/Object;ZZ)Ljava/util/HashMap$Node; @ 46
Event: 8.408 Thread 0x00007f84cc017000 Uncommon trap: reason=unstable_if action=reinterpret pc=0x0000000107b54464 method=java.lang.Math.round(F)I @ 36
Event: 9.139 Thread 0x00007f84cc017000 Uncommon trap: reason=unstable_if action=reinterpret pc=0x0000000107b1f478 method=com.sun.javafx.geom.RectBounds.intersects(Lcom/sun/javafx/geom/BaseBounds;)Z @ 8

Internal exceptions (10 events):
Event: 2.611 Thread 0x00007f84cc020800 Exception <a 'java/lang/ArrayIndexOutOfBoundsException': 70> (0x00000007955ee6d0) thrown at [/Users/java_re/workspace/8-2-build-macosx-x86_64/jdk8u131/8869/hotspot/src/share/vm/interpreter/interpreterRuntime.cpp, line 366]
Event: 2.612 Thread 0x00007f84cc020800 Exception <a 'java/lang/ArrayIndexOutOfBoundsException': 18> (0x00000007955ef3a0) thrown at [/Users/java_re/workspace/8-2-build-macosx-x86_64/jdk8u131/8869/hotspot/src/share/vm/interpreter/interpreterRuntime.cpp, line 366]
Event: 2.613 Thread 0x00007f84cc020800 Exception <a 'java/lang/ArrayIndexOutOfBoundsException': 86> (0x00000007955f0748) thrown at [/Users/java_re/workspace/8-2-build-macosx-x86_64/jdk8u131/8869/hotspot/src/share/vm/interpreter/interpreterRuntime.cpp, line 366]
Event: 2.614 Thread 0x00007f84cc020800 Exception <a 'java/lang/ArrayIndexOutOfBoundsException': 66> (0x00000007955f2a58) thrown at [/Users/java_re/workspace/8-2-build-macosx-x86_64/jdk8u131/8869/hotspot/src/share/vm/interpreter/interpreterRuntime.cpp, line 366]
Event: 2.651 Thread 0x00007f84cc020800 Exception <a 'java/lang/ArrayIndexOutOfBoundsException'> (0x000000079576d700) thrown at [/Users/java_re/workspace/8-2-build-macosx-x86_64/jdk8u131/8869/hotspot/src/share/vm/runtime/sharedRuntime.cpp, line 605]
Event: 2.654 Thread 0x00007f84cc020800 Exception <a 'java/lang/ArrayIndexOutOfBoundsException'> (0x0000000795799360) thrown at [/Users/java_re/workspace/8-2-build-macosx-x86_64/jdk8u131/8869/hotspot/src/share/vm/runtime/sharedRuntime.cpp, line 605]
Event: 2.663 Thread 0x00007f84cc020800 Exception <a 'java/lang/ArrayIndexOutOfBoundsException'> (0x00000007957fc970) thrown at [/Users/java_re/workspace/8-2-build-macosx-x86_64/jdk8u131/8869/hotspot/src/share/vm/runtime/sharedRuntime.cpp, line 605]
Event: 2.934 Thread 0x00007f84cc020800 Exception <a 'java/lang/ArrayIndexOutOfBoundsException'> (0x0000000796385828) thrown at [/Users/java_re/workspace/8-2-build-macosx-x86_64/jdk8u131/8869/hotspot/src/share/vm/runtime/sharedRuntime.cpp, line 605]
Event: 3.600 Thread 0x00007f84cc020800 Implicit null exception at 0x0000000107793e6d to 0x0000000107793ebd
Event: 3.806 Thread 0x00007f84cc020800 Implicit null exception at 0x0000000107812791 to 0x0000000107812d29

Events (10 events):
Event: 11.213 loading class javafx/application/Application done
Event: 11.221 loading class com/sun/javafx/tk/quantum/QuantumRenderer
Event: 11.221 loading class com/sun/javafx/tk/quantum/QuantumRenderer done
Event: 11.222 loading class com/sun/javafx/tk/quantum/QuantumToolkit
Event: 11.222 loading class com/sun/javafx/tk/quantum/QuantumToolkit done
Event: 11.222 Thread 0x00007f84cc017000 Thread exited: 0x00007f84cc017000
Event: 11.222 Thread 0x00007f84cd233800 Thread exited: 0x00007f84cd233800
Event: 11.222 Thread 0x00007f84cc020800 Thread exited: 0x00007f84cc020800
Event: 11.222 Thread 0x00007f84cd002800 Thread exited: 0x00007f84cd002800
Event: 11.222 Thread 0x00007f84ccb18800 Thread added: 0x00007f84ccb18800


Dynamic libraries:
0x00000000099c5000 	/System/Library/Frameworks/Cocoa.framework/Versions/A/Cocoa
0x00000000099c5000 	/System/Library/Frameworks/Security.framework/Versions/A/Security
0x00000000099c5000 	/System/Library/Frameworks/ApplicationServices.framework/Versions/A/ApplicationServices
0x00000000099c5000 	/usr/lib/libz.1.dylib
0x00000000099c5000 	/usr/lib/libSystem.B.dylib
0x00000000099c5000 	/usr/lib/libobjc.A.dylib
0x00000000099c5000 	/System/Library/Frameworks/CoreFoundation.framework/Versions/A/CoreFoundation
0x00000000099c5000 	/System/Library/Frameworks/Foundation.framework/Versions/C/Foundation
0x00000000099c5000 	/System/Library/Frameworks/AppKit.framework/Versions/C/AppKit
0x00000000099c5000 	/System/Library/Frameworks/CoreData.framework/Versions/A/CoreData
0x00000000099c5000 	/System/Library/PrivateFrameworks/RemoteViewServices.framework/Versions/A/RemoteViewServices
0x00000000099c5000 	/System/Library/PrivateFrameworks/UIFoundation.framework/Versions/A/UIFoundation
0x00000000099c5000 	/usr/lib/libScreenReader.dylib
0x00000000099c5000 	/System/Library/Frameworks/Accelerate.framework/Versions/A/Accelerate
0x00000000099c5000 	/System/Library/Frameworks/IOSurface.framework/Versions/A/IOSurface
0x00000000099c5000 	/System/Library/Frameworks/AudioToolbox.framework/Versions/A/AudioToolbox
0x00000000099c5000 	/System/Library/Frameworks/AudioUnit.framework/Versions/A/AudioUnit
0x00000000099c5000 	/System/Library/PrivateFrameworks/DataDetectorsCore.framework/Versions/A/DataDetectorsCore
0x00000000099c5000 	/System/Library/PrivateFrameworks/DesktopServicesPriv.framework/Versions/A/DesktopServicesPriv
0x00000000099c5000 	/System/Library/Frameworks/Carbon.framework/Versions/A/Frameworks/HIToolbox.framework/Versions/A/HIToolbox
0x00000000099c5000 	/System/Library/Frameworks/QuartzCore.framework/Versions/A/QuartzCore
0x00000000099c5000 	/System/Library/Frameworks/Carbon.framework/Versions/A/Frameworks/SpeechRecognition.framework/Versions/A/SpeechRecognition
0x00000000099c5000 	/usr/lib/libauto.dylib
0x00000000099c5000 	/usr/lib/libicucore.A.dylib
0x00000000099c5000 	/usr/lib/libxml2.2.dylib
0x00000000099c5000 	/System/Library/PrivateFrameworks/CoreUI.framework/Versions/A/CoreUI
0x00000000099c5000 	/System/Library/Frameworks/CoreAudio.framework/Versions/A/CoreAudio
0x00000000099c5000 	/System/Library/Frameworks/DiskArbitration.framework/Versions/A/DiskArbitration
0x00000000099c5000 	/usr/lib/liblangid.dylib
0x00000000099c5000 	/System/Library/PrivateFrameworks/MultitouchSupport.framework/Versions/A/MultitouchSupport
0x00000000099c5000 	/System/Library/Frameworks/IOKit.framework/Versions/A/IOKit
0x00000000099c5000 	/usr/lib/libDiagnosticMessagesClient.dylib
0x00000000099c5000 	/System/Library/Frameworks/CoreServices.framework/Versions/A/CoreServices
0x00000000099c5000 	/System/Library/PrivateFrameworks/PerformanceAnalysis.framework/Versions/A/PerformanceAnalysis
0x00000000099c5000 	/System/Library/PrivateFrameworks/GenerationalStorage.framework/Versions/A/GenerationalStorage
0x00000000099c5000 	/System/Library/Frameworks/OpenGL.framework/Versions/A/OpenGL
0x00000000099c5000 	/System/Library/PrivateFrameworks/Sharing.framework/Versions/A/Sharing
0x00000000099c5000 	/System/Library/Frameworks/CoreGraphics.framework/Versions/A/CoreGraphics
0x00000000099c5000 	/System/Library/Frameworks/CoreImage.framework/Versions/A/CoreImage
0x00000000099c5000 	/System/Library/Frameworks/CoreText.framework/Versions/A/CoreText
0x00000000099c5000 	/System/Library/Frameworks/ImageIO.framework/Versions/A/ImageIO
0x00000000099c5000 	/System/Library/PrivateFrameworks/Backup.framework/Versions/A/Backup
0x00000000099c5000 	/usr/lib/libextension.dylib
0x00000000099c5000 	/usr/lib/libarchive.2.dylib
0x00000000099c5000 	/System/Library/Frameworks/CFNetwork.framework/Versions/A/CFNetwork
0x00000000099c5000 	/System/Library/Frameworks/SystemConfiguration.framework/Versions/A/SystemConfiguration
0x00000000099c5000 	/usr/lib/libCRFSuite.dylib
0x00000000099c5000 	/usr/lib/libc++.1.dylib
0x00000000099c5000 	/usr/lib/libc++abi.dylib
0x00000000099c5000 	/usr/lib/system/libcache.dylib
0x00000000099c5000 	/usr/lib/system/libcommonCrypto.dylib
0x00000000099c5000 	/usr/lib/system/libcompiler_rt.dylib
0x00000000099c5000 	/usr/lib/system/libcopyfile.dylib
0x00000000099c5000 	/usr/lib/system/libcorecrypto.dylib
0x00000000099c5000 	/usr/lib/system/libdispatch.dylib
0x00000000099c5000 	/usr/lib/system/libdyld.dylib
0x00000000099c5000 	/usr/lib/system/libkeymgr.dylib
0x00000000099c5000 	/usr/lib/system/liblaunch.dylib
0x00000000099c5000 	/usr/lib/system/libmacho.dylib
0x00000000099c5000 	/usr/lib/system/libquarantine.dylib
0x00000000099c5000 	/usr/lib/system/libremovefile.dylib
0x00000000099c5000 	/usr/lib/system/libsystem_asl.dylib
0x00000000099c5000 	/usr/lib/system/libsystem_blocks.dylib
0x00000000099c5000 	/usr/lib/system/libsystem_c.dylib
0x00000000099c5000 	/usr/lib/system/libsystem_configuration.dylib
0x00000000099c5000 	/usr/lib/system/libsystem_coreservices.dylib
0x00000000099c5000 	/usr/lib/system/libsystem_coretls.dylib
0x00000000099c5000 	/usr/lib/system/libsystem_dnssd.dylib
0x00000000099c5000 	/usr/lib/system/libsystem_info.dylib
0x00000000099c5000 	/usr/lib/system/libsystem_kernel.dylib
0x00000000099c5000 	/usr/lib/system/libsystem_m.dylib
0x00000000099c5000 	/usr/lib/system/libsystem_malloc.dylib
0x00000000099c5000 	/usr/lib/system/libsystem_network.dylib
0x00000000099c5000 	/usr/lib/system/libsystem_networkextension.dylib
0x00000000099c5000 	/usr/lib/system/libsystem_notify.dylib
0x00000000099c5000 	/usr/lib/system/libsystem_platform.dylib
0x00000000099c5000 	/usr/lib/system/libsystem_pthread.dylib
0x00000000099c5000 	/usr/lib/system/libsystem_sandbox.dylib
0x00000000099c5000 	/usr/lib/system/libsystem_secinit.dylib
0x00000000099c5000 	/usr/lib/system/libsystem_trace.dylib
0x00000000099c5000 	/usr/lib/system/libunc.dylib
0x00000000099c5000 	/usr/lib/system/libunwind.dylib
0x00000000099c5000 	/usr/lib/system/libxpc.dylib
0x00000000099c5000 	/usr/lib/libenergytrace.dylib
0x00000000099c5000 	/usr/lib/libbsm.0.dylib
0x00000000099c5000 	/usr/lib/system/libkxld.dylib
0x00000000099c5000 	/usr/lib/libxar.1.dylib
0x00000000099c5000 	/usr/lib/libsqlite3.dylib
0x00000000099c5000 	/usr/lib/libpam.2.dylib
0x00000000099c5000 	/usr/lib/libOpenScriptingUtil.dylib
0x00000000099c5000 	/usr/lib/libbz2.1.0.dylib
0x00000000099c5000 	/usr/lib/liblzma.5.dylib
0x00000000099c5000 	/System/Library/Frameworks/CoreServices.framework/Versions/A/Frameworks/FSEvents.framework/Versions/A/FSEvents
0x00000000099c5000 	/System/Library/Frameworks/CoreServices.framework/Versions/A/Frameworks/CarbonCore.framework/Versions/A/CarbonCore
0x00000000099c5000 	/System/Library/Frameworks/CoreServices.framework/Versions/A/Frameworks/Metadata.framework/Versions/A/Metadata
0x00000000099c5000 	/System/Library/Frameworks/CoreServices.framework/Versions/A/Frameworks/OSServices.framework/Versions/A/OSServices
0x00000000099c5000 	/System/Library/Frameworks/CoreServices.framework/Versions/A/Frameworks/SearchKit.framework/Versions/A/SearchKit
0x00000000099c5000 	/System/Library/Frameworks/CoreServices.framework/Versions/A/Frameworks/AE.framework/Versions/A/AE
0x00000000099c5000 	/System/Library/Frameworks/CoreServices.framework/Versions/A/Frameworks/LaunchServices.framework/Versions/A/LaunchServices
0x00000000099c5000 	/System/Library/Frameworks/CoreServices.framework/Versions/A/Frameworks/DictionaryServices.framework/Versions/A/DictionaryServices
0x00000000099c5000 	/System/Library/Frameworks/CoreServices.framework/Versions/A/Frameworks/SharedFileList.framework/Versions/A/SharedFileList
0x00000000099c5000 	/System/Library/Frameworks/NetFS.framework/Versions/A/NetFS
0x00000000099c5000 	/System/Library/PrivateFrameworks/NetAuth.framework/Versions/A/NetAuth
0x00000000099c5000 	/System/Library/PrivateFrameworks/login.framework/Versions/A/Frameworks/loginsupport.framework/Versions/A/loginsupport
0x00000000099c5000 	/System/Library/PrivateFrameworks/TCC.framework/Versions/A/TCC
0x00000000099c5000 	/usr/lib/libmecabra.dylib
0x00000000099c5000 	/System/Library/Frameworks/ApplicationServices.framework/Versions/A/Frameworks/ATS.framework/Versions/A/ATS
0x00000000099c5000 	/System/Library/Frameworks/ApplicationServices.framework/Versions/A/Frameworks/ColorSync.framework/Versions/A/ColorSync
0x00000000099c5000 	/System/Library/Frameworks/ApplicationServices.framework/Versions/A/Frameworks/HIServices.framework/Versions/A/HIServices
0x00000000099c5000 	/System/Library/Frameworks/ApplicationServices.framework/Versions/A/Frameworks/LangAnalysis.framework/Versions/A/LangAnalysis
0x00000000099c5000 	/System/Library/Frameworks/ApplicationServices.framework/Versions/A/Frameworks/PrintCore.framework/Versions/A/PrintCore
0x00000000099c5000 	/System/Library/Frameworks/ApplicationServices.framework/Versions/A/Frameworks/QD.framework/Versions/A/QD
0x00000000099c5000 	/System/Library/Frameworks/ApplicationServices.framework/Versions/A/Frameworks/SpeechSynthesis.framework/Versions/A/SpeechSynthesis
0x00000000099c5000 	/System/Library/Frameworks/Metal.framework/Versions/A/Metal
0x00000000099c5000 	/System/Library/Frameworks/Accelerate.framework/Versions/A/Frameworks/vImage.framework/Versions/A/vImage
0x00000000099c5000 	/System/Library/Frameworks/Accelerate.framework/Versions/A/Frameworks/vecLib.framework/Versions/A/vecLib
0x00000000099c5000 	/System/Library/Frameworks/Accelerate.framework/Versions/A/Frameworks/vecLib.framework/Versions/A/libvDSP.dylib
0x00000000099c5000 	/System/Library/Frameworks/Accelerate.framework/Versions/A/Frameworks/vecLib.framework/Versions/A/libvMisc.dylib
0x00000000099c5000 	/System/Library/Frameworks/Accelerate.framework/Versions/A/Frameworks/vecLib.framework/Versions/A/libLAPACK.dylib
0x00000000099c5000 	/System/Library/Frameworks/Accelerate.framework/Versions/A/Frameworks/vecLib.framework/Versions/A/libBLAS.dylib
0x00000000099c5000 	/System/Library/Frameworks/Accelerate.framework/Versions/A/Frameworks/vecLib.framework/Versions/A/libLinearAlgebra.dylib
0x00000000099c5000 	/System/Library/Frameworks/Accelerate.framework/Versions/A/Frameworks/vecLib.framework/Versions/A/libSparseBLAS.dylib
0x00000000099c5000 	/System/Library/PrivateFrameworks/GPUCompiler.framework/libmetal_timestamp.dylib
0x00000000099c5000 	/System/Library/Frameworks/OpenGL.framework/Versions/A/Libraries/libCoreFSCache.dylib
0x00000000099c5000 	/System/Library/PrivateFrameworks/IOAccelerator.framework/Versions/A/IOAccelerator
0x00000000099c5000 	/System/Library/Frameworks/ApplicationServices.framework/Versions/A/Frameworks/ATS.framework/Versions/A/Resources/libFontParser.dylib
0x00000000099c5000 	/System/Library/Frameworks/ApplicationServices.framework/Versions/A/Frameworks/ATS.framework/Versions/A/Resources/libFontRegistry.dylib
0x00000000099c5000 	/System/Library/PrivateFrameworks/AppleVPA.framework/Versions/A/AppleVPA
0x00000000099c5000 	/System/Library/PrivateFrameworks/AppleJPEG.framework/Versions/A/AppleJPEG
0x00000000099c5000 	/System/Library/Frameworks/ImageIO.framework/Versions/A/Resources/libJPEG.dylib
0x00000000099c5000 	/System/Library/Frameworks/ImageIO.framework/Versions/A/Resources/libTIFF.dylib
0x00000000099c5000 	/System/Library/Frameworks/ImageIO.framework/Versions/A/Resources/libPng.dylib
0x00000000099c5000 	/System/Library/Frameworks/ImageIO.framework/Versions/A/Resources/libGIF.dylib
0x00000000099c5000 	/System/Library/Frameworks/ImageIO.framework/Versions/A/Resources/libJP2.dylib
0x00000000099c5000 	/System/Library/Frameworks/ImageIO.framework/Versions/A/Resources/libRadiance.dylib
0x00000000099c5000 	/System/Library/Frameworks/CoreVideo.framework/Versions/A/CoreVideo
0x00000000099c5000 	/System/Library/Frameworks/OpenGL.framework/Versions/A/Libraries/libGLU.dylib
0x00000000099c5000 	/System/Library/Frameworks/OpenGL.framework/Versions/A/Libraries/libGFXShared.dylib
0x00000000099c5000 	/System/Library/Frameworks/OpenGL.framework/Versions/A/Libraries/libGL.dylib
0x00000000099c5000 	/System/Library/Frameworks/OpenGL.framework/Versions/A/Libraries/libGLImage.dylib
0x00000000099c5000 	/System/Library/Frameworks/OpenGL.framework/Versions/A/Libraries/libCVMSPluginSupport.dylib
0x00000000099c5000 	/System/Library/Frameworks/OpenGL.framework/Versions/A/Libraries/libCoreVMClient.dylib
0x00000000099c5000 	/usr/lib/libcompression.dylib
0x00000000099c5000 	/usr/lib/libcups.2.dylib
0x00000000099c5000 	/System/Library/Frameworks/Kerberos.framework/Versions/A/Kerberos
0x00000000099c5000 	/System/Library/Frameworks/GSS.framework/Versions/A/GSS
0x00000000099c5000 	/usr/lib/libresolv.9.dylib
0x00000000099c5000 	/usr/lib/libiconv.2.dylib
0x00000000099c5000 	/System/Library/PrivateFrameworks/Heimdal.framework/Versions/A/Heimdal
0x00000000099c5000 	/usr/lib/libheimdal-asn1.dylib
0x00000000099c5000 	/System/Library/Frameworks/OpenDirectory.framework/Versions/A/OpenDirectory
0x00000000099c5000 	/System/Library/PrivateFrameworks/CommonAuth.framework/Versions/A/CommonAuth
0x00000000099c5000 	/System/Library/Frameworks/OpenDirectory.framework/Versions/A/Frameworks/CFOpenDirectory.framework/Versions/A/CFOpenDirectory
0x00000000099c5000 	/System/Library/Frameworks/SecurityFoundation.framework/Versions/A/SecurityFoundation
0x00000000099c5000 	/System/Library/PrivateFrameworks/LanguageModeling.framework/Versions/A/LanguageModeling
0x00000000099c5000 	/usr/lib/libmarisa.dylib
0x00000000099c5000 	/usr/lib/libChineseTokenizer.dylib
0x00000000099c5000 	/usr/lib/libcmph.dylib
0x00000000099c5000 	/System/Library/Frameworks/ServiceManagement.framework/Versions/A/ServiceManagement
0x00000000099c5000 	/usr/lib/libxslt.1.dylib
0x00000000099c5000 	/System/Library/Frameworks/Carbon.framework/Versions/A/Frameworks/Ink.framework/Versions/A/Ink
0x00000000099c5000 	/usr/lib/libFosl_dynamic.dylib
0x00000000099c5000 	/System/Library/PrivateFrameworks/FaceCore.framework/Versions/A/FaceCore
0x00000000099c5000 	/System/Library/Frameworks/OpenCL.framework/Versions/A/OpenCL
0x00000000099c5000 	/System/Library/PrivateFrameworks/CrashReporterSupport.framework/Versions/A/CrashReporterSupport
0x00000000099c5000 	/System/Library/PrivateFrameworks/IconServices.framework/Versions/A/IconServices
0x00000000099c5000 	/System/Library/PrivateFrameworks/Apple80211.framework/Versions/A/Apple80211
0x00000000099c5000 	/System/Library/Frameworks/CoreWLAN.framework/Versions/A/CoreWLAN
0x00000000099c5000 	/System/Library/Frameworks/IOBluetooth.framework/Versions/A/IOBluetooth
0x00000000099c5000 	/System/Library/PrivateFrameworks/CoreWiFi.framework/Versions/A/CoreWiFi
0x00000000099c5000 	/System/Library/Frameworks/CoreBluetooth.framework/Versions/A/CoreBluetooth
0x00000000099c5000 	/System/Library/PrivateFrameworks/ChunkingLibrary.framework/Versions/A/ChunkingLibrary
0x00000000099c5000 	/System/Library/PrivateFrameworks/DebugSymbols.framework/Versions/A/DebugSymbols
0x00000000099c5000 	/System/Library/PrivateFrameworks/CoreSymbolication.framework/Versions/A/CoreSymbolication
0x00000000099c5000 	/System/Library/PrivateFrameworks/Symbolication.framework/Versions/A/Symbolication
0x00000000099c5000 	/System/Library/PrivateFrameworks/SpeechRecognitionCore.framework/Versions/A/SpeechRecognitionCore
0x00000001059c6000 	/Library/Java/JavaVirtualMachines/jdk1.8.0_131.jdk/Contents/Home/jre/lib/server/libjvm.dylib
0x00000000099c5000 	/usr/lib/libstdc++.6.dylib
0x000000010696d000 	/Library/Java/JavaVirtualMachines/jdk1.8.0_131.jdk/Contents/Home/jre/lib/libverify.dylib
0x000000010697b000 	/Library/Java/JavaVirtualMachines/jdk1.8.0_131.jdk/Contents/Home/jre/lib/libjava.dylib
0x00000001069ba000 	/Library/Java/JavaVirtualMachines/jdk1.8.0_131.jdk/Contents/Home/jre/lib/libzip.dylib
0x000000011cb13000 	/System/Library/Frameworks/JavaVM.framework/Frameworks/JavaRuntimeSupport.framework/JavaRuntimeSupport
0x00000001069eb000 	/System/Library/Frameworks/JavaVM.framework/Versions/A/Frameworks/JavaNativeFoundation.framework/Versions/A/JavaNativeFoundation
0x000000011cb2e000 	/System/Library/Frameworks/JavaVM.framework/Versions/A/JavaVM
0x00000000099c5000 	/System/Library/Frameworks/Carbon.framework/Versions/A/Carbon
0x000000011cb3b000 	/System/Library/PrivateFrameworks/JavaLaunching.framework/Versions/A/JavaLaunching
0x00000000099c5000 	/System/Library/Frameworks/Carbon.framework/Versions/A/Frameworks/CommonPanels.framework/Versions/A/CommonPanels
0x00000000099c5000 	/System/Library/Frameworks/Carbon.framework/Versions/A/Frameworks/Help.framework/Versions/A/Help
0x00000000099c5000 	/System/Library/Frameworks/Carbon.framework/Versions/A/Frameworks/ImageCapture.framework/Versions/A/ImageCapture
0x00000000099c5000 	/System/Library/Frameworks/Carbon.framework/Versions/A/Frameworks/OpenScripting.framework/Versions/A/OpenScripting
0x00000000099c5000 	/System/Library/Frameworks/Carbon.framework/Versions/A/Frameworks/Print.framework/Versions/A/Print
0x00000000099c5000 	/System/Library/Frameworks/Carbon.framework/Versions/A/Frameworks/SecurityHI.framework/Versions/A/SecurityHI
0x000000011e517000 	/Library/Java/JavaVirtualMachines/jdk1.8.0_131.jdk/Contents/Home/jre/lib/libprism_es2.dylib
0x00000000099c5000 	/System/Library/Frameworks/OpenGL.framework/Versions/A/Resources/GLEngine.bundle/GLEngine
0x00000000099c5000 	/System/Library/Frameworks/OpenGL.framework/Versions/A/Libraries/libGLProgrammability.dylib
0x000000011e599000 	/System/Library/Extensions/AppleIntelHD4000GraphicsGLDriver.bundle/Contents/MacOS/AppleIntelHD4000GraphicsGLDriver
0x00000000099c5000 	/System/Library/PrivateFrameworks/GPUSupport.framework/Versions/A/Libraries/libGPUSupportMercury.dylib
0x00000000099c5000 	/System/Library/Frameworks/OpenGL.framework/Versions/A/Resources/GLRendererFloat.bundle/GLRendererFloat
0x00000000099c5000 	/System/Library/Frameworks/OpenCL.framework/Versions/A/Libraries/libcldcpuengine.dylib
0x00000000099c5000 	/System/Library/PrivateFrameworks/DiskImages.framework/Versions/A/DiskImages
0x00000000099c5000 	/System/Library/Frameworks/DiscRecording.framework/Versions/A/DiscRecording
0x00000000099c5000 	/usr/lib/libcsfde.dylib
0x00000000099c5000 	/usr/lib/libcurl.4.dylib
0x00000000099c5000 	/System/Library/PrivateFrameworks/MediaKit.framework/Versions/A/MediaKit
0x00000000099c5000 	/System/Library/PrivateFrameworks/ProtectedCloudStorage.framework/Versions/A/ProtectedCloudStorage
0x00000000099c5000 	/usr/lib/libCoreStorage.dylib
0x00000000099c5000 	/System/Library/PrivateFrameworks/EFILogin.framework/Versions/A/EFILogin
0x00000000099c5000 	/usr/lib/libutil.dylib
0x00000000099c5000 	/System/Library/PrivateFrameworks/FindMyDevice.framework/Versions/A/FindMyDevice
0x00000000099c5000 	/System/Library/Frameworks/LDAP.framework/Versions/A/LDAP
0x00000000099c5000 	/usr/lib/libsasl2.2.dylib
0x00000000099c5000 	/System/Library/PrivateFrameworks/CoreDaemon.framework/Versions/B/CoreDaemon
0x00000000099c5000 	/usr/lib/libcrypto.0.9.8.dylib
0x00000000099c5000 	/System/Library/PrivateFrameworks/AppleSRP.framework/Versions/A/AppleSRP
0x00000000099c5000 	/System/Library/PrivateFrameworks/TrustEvaluationAgent.framework/Versions/A/TrustEvaluationAgent
0x000000011f092000 	/Library/Java/JavaVirtualMachines/jdk1.8.0_131.jdk/Contents/Home/jre/lib/libglass.dylib
0x00000000099c5000 	/System/Library/PrivateFrameworks/CoreServicesInternal.framework/Versions/A/CoreServicesInternal
0x00000000099c5000 	/System/Library/CoreServices/RawCamera.bundle/Contents/MacOS/RawCamera
0x00000000099c5000 	/System/Library/Frameworks/CoreGraphics.framework/Versions/A/Resources/libRIP.A.dylib
0x00000000099c5000 	/System/Library/Frameworks/Accelerate.framework/Versions/A/Frameworks/vImage.framework/Versions/A/Libraries/libCGInterfaces.dylib
0x00000000099c5000 	/System/Library/PrivateFrameworks/FamilyControls.framework/Versions/A/FamilyControls
0x00000000099c5000 	/System/Library/PrivateFrameworks/CommerceKit.framework/Versions/A/Frameworks/CommerceCore.framework/Versions/A/CommerceCore
0x00000000099c5000 	/System/Library/PrivateFrameworks/SystemAdministration.framework/Versions/A/SystemAdministration
0x00000000099c5000 	/System/Library/PrivateFrameworks/AppContainer.framework/Versions/A/AppContainer
0x00000000099c5000 	/System/Library/PrivateFrameworks/SecCodeWrapper.framework/Versions/A/SecCodeWrapper
0x00000000099c5000 	/System/Library/Frameworks/DirectoryService.framework/Versions/A/DirectoryService
0x00000000099c5000 	/System/Library/PrivateFrameworks/LoginUIKit.framework/Versions/A/Frameworks/LoginUICore.framework/Versions/A/LoginUICore
0x00000000099c5000 	/usr/lib/libodfde.dylib
0x0000000122095000 	/Library/Java/JavaVirtualMachines/jdk1.8.0_131.jdk/Contents/Home/jre/lib/libawt.dylib
0x000000012213d000 	/Library/Java/JavaVirtualMachines/jdk1.8.0_131.jdk/Contents/Home/jre/lib/./libmlib_image.dylib
0x0000000122209000 	/Library/Java/JavaVirtualMachines/jdk1.8.0_131.jdk/Contents/Home/jre/lib/libawt_lwawt.dylib
0x00000001222c0000 	/Library/Java/JavaVirtualMachines/jdk1.8.0_131.jdk/Contents/Home/jre/lib/./libosxapp.dylib
0x00000000099c5000 	/System/Library/Frameworks/ExceptionHandling.framework/Versions/A/ExceptionHandling
0x0000000122b7c000 	/Library/Java/JavaVirtualMachines/jdk1.8.0_131.jdk/Contents/Home/jre/lib/libfontmanager.dylib
0x0000000122de3000 	/Library/Java/JavaVirtualMachines/jdk1.8.0_131.jdk/Contents/Home/jre/lib/libosxui.dylib
0x00000000099c5000 	/System/Library/Frameworks/CoreGraphics.framework/Versions/A/Resources/libCGXType.A.dylib
0x0000000124c0d000 	/Library/Java/JavaVirtualMachines/jdk1.8.0_131.jdk/Contents/Home/jre/lib/libnet.dylib
0x0000000124c24000 	/Library/Java/JavaVirtualMachines/jdk1.8.0_131.jdk/Contents/Home/jre/lib/libnio.dylib
0x00000000099c5000 	/System/Library/Frameworks/ApplicationServices.framework/Versions/A/Frameworks/ATS.framework/Versions/A/Resources/libTrueTypeScaler.dylib
0x000000017d9a3000 	/Library/Java/JavaVirtualMachines/jdk1.8.0_131.jdk/Contents/Home/jre/lib/libjavafx_font.dylib
0x000000017d5fa000 	/Library/Java/JavaVirtualMachines/jdk1.8.0_131.jdk/Contents/Home/jre/lib/libdcpr.dylib
0x0000000124070000 	cl_kernels
0x00000000099c5000 	/System/Library/Frameworks/OpenCL.framework/Versions/A/Libraries/ImageFormats/unorm8_bgra.dylib
0x00000000099c5000 	/System/Library/Frameworks/OpenCL.framework/Versions/A/Libraries/ImageFormats/unorm8_rgba.dylib
0x000000017fa13000 	/System/Library/Extensions/AppleIntelHD4000GraphicsMTLDriver.bundle/Contents/MacOS/AppleIntelHD4000GraphicsMTLDriver
0x0000000182de9000 	/Library/Java/JavaVirtualMachines/jdk1.8.0_131.jdk/Contents/Home/jre/lib/libprism_common.dylib

VM Arguments:
java_command: /Users/Victor/Documents/GSoC/Universal-Space-Operations-Center/Universal-Space-Operations-Center/target/Universal-Space-Operations-Center-0.1.jar
java_class_path (initial): /Users/Victor/Documents/GSoC/Universal-Space-Operations-Center/Universal-Space-Operations-Center/target/Universal-Space-Operations-Center-0.1.jar
Launcher Type: SUN_STANDARD

Environment Variables:
JAVA_HOME=/Library/Java/JavaVirtualMachines/jdk1.8.0_131.jdk/Contents/Home
PATH=/usr/bin:/bin:/usr/sbin:/sbin
SHELL=/bin/bash

Signal Handlers:
SIGSEGV: [libjvm.dylib+0x5b1eb1], sa_mask[0]=11111111011111110111111111111111, sa_flags=SA_ONSTACK|SA_RESTART|SA_SIGINFO
SIGBUS: [libjvm.dylib+0x5b1eb1], sa_mask[0]=11111111011111110111111111111111, sa_flags=SA_RESTART|SA_SIGINFO
SIGFPE: [libjvm.dylib+0x488988], sa_mask[0]=11111111011111110111111111111111, sa_flags=SA_RESTART|SA_SIGINFO
SIGPIPE: [libjvm.dylib+0x488988], sa_mask[0]=11111111011111110111111111111111, sa_flags=SA_RESTART|SA_SIGINFO
SIGXFSZ: [libjvm.dylib+0x488988], sa_mask[0]=11111111011111110111111111111111, sa_flags=SA_RESTART|SA_SIGINFO
SIGILL: [libjvm.dylib+0x488988], sa_mask[0]=11111111011111110111111111111111, sa_flags=SA_RESTART|SA_SIGINFO
SIGUSR1: SIG_DFL, sa_mask[0]=00000000000000000000000000000000, sa_flags=none
SIGUSR2: [libjvm.dylib+0x4884a6], sa_mask[0]=00100000000000000000000000000000, sa_flags=SA_RESTART|SA_SIGINFO
SIGHUP: [libjvm.dylib+0x486a7d], sa_mask[0]=11111111011111110111111111111111, sa_flags=SA_RESTART|SA_SIGINFO
SIGINT: SIG_IGN, sa_mask[0]=00000000000000000000000000000000, sa_flags=none
SIGTERM: [libjvm.dylib+0x486a7d], sa_mask[0]=11111111011111110111111111111111, sa_flags=SA_RESTART|SA_SIGINFO
SIGQUIT: [libjvm.dylib+0x486a7d], sa_mask[0]=11111111011111110111111111111111, sa_flags=SA_RESTART|SA_SIGINFO


---------------  S Y S T E M  ---------------

OS:Bsduname:Darwin 15.6.0 Darwin Kernel Version 15.6.0: Tue Apr 11 16:00:51 PDT 2017; root:xnu-3248.60.11.5.3~1/RELEASE_X86_64 x86_64
rlimit: STACK 8192k, CORE 0k, NPROC 709, NOFILE 10240, AS infinity
load average:3.23 2.64 1.71

CPU:total 4 (initial active 4) (2 cores per cpu, 2 threads per core) family 6 model 58 stepping 9, cmov, cx8, fxsr, mmx, sse, sse2, sse3, ssse3, sse4.1, sse4.2, popcnt, avx, aes, clmul, erms, ht, tsc, tscinvbit, tscinv

Memory: 4k page, physical 8388608k(3114100k free)

/proc/meminfo:


vm_info: Java HotSpot(TM) 64-Bit Server VM (25.131-b11) for bsd-amd64 JRE (1.8.0_131-b11), built on Mar 15 2017 01:32:22 by "java_re" with gcc 4.2.1 (Based on Apple Inc. build 5658) (LLVM build 2336.11.00)

time: Sun Aug  6 15:15:34 2017
elapsed time: 11 seconds (0d 0h 0m 11s)

